Started GET "/" for ::1 at 2021-12-10 19:08:13 +0530
  [1m[35m (1.8ms)[0m  [1m[34mSELECT sqlite_version(*)[0m
  [1m[35m (9.6ms)[0m  [1m[35mCREATE TABLE "schema_migrations" ("version" varchar NOT NULL PRIMARY KEY)[0m
  [1m[35m (3.6ms)[0m  [1m[35mCREATE TABLE "ar_internal_metadata" ("key" varchar NOT NULL PRIMARY KEY, "value" varchar, "created_at" datetime(6) NOT NULL, "updated_at" datetime(6) NOT NULL)[0m
  [1m[35m (0.2ms)[0m  [1m[34mSELECT "schema_migrations"."version" FROM "schema_migrations" ORDER BY "schema_migrations"."version" ASC[0m
  
ActiveRecord::PendingMigrationError (

Migrations are pending. To resolve this issue, run:

        bin/rails db:migrate RAILS_ENV=development

You have 10 pending migrations:

20211119073320_create_articles.rb
20211119074154_add_timestamps_to_articles.rb
20211126085601_create_users.rb
20211126104236_add_user_id_to_articles.rb
20211129052204_add_password_digest_to_users.rb
20211130091106_add_admin_to_users.rb
20211201093228_create_categories.rb
20211202070706_create_article_categories.rb
20211206060851_create_comments.rb
20211206075328_add_article_id_to_comment.rb


):
  
activerecord (6.1.4.1) lib/active_record/migration.rb:625:in `check_pending!'
activerecord (6.1.4.1) lib/active_record/migration.rb:590:in `block (2 levels) in call'
activesupport (6.1.4.1) lib/active_support/evented_file_update_checker.rb:59:in `execute'
activerecord (6.1.4.1) lib/active_record/migration.rb:595:in `block in call'
activerecord (6.1.4.1) lib/active_record/migration.rb:587:in `synchronize'
activerecord (6.1.4.1) lib/active_record/migration.rb:587:in `call'
actionpack (6.1.4.1) lib/action_dispatch/middleware/callbacks.rb:27:in `block in call'
activesupport (6.1.4.1) lib/active_support/callbacks.rb:98:in `run_callbacks'
actionpack (6.1.4.1) lib/action_dispatch/middleware/callbacks.rb:26:in `call'
actionpack (6.1.4.1) lib/action_dispatch/middleware/executor.rb:14:in `call'
actionpack (6.1.4.1) lib/action_dispatch/middleware/actionable_exceptions.rb:18:in `call'
actionpack (6.1.4.1) lib/action_dispatch/middleware/debug_exceptions.rb:29:in `call'
web-console (4.2.0) lib/web_console/middleware.rb:132:in `call_app'
web-console (4.2.0) lib/web_console/middleware.rb:28:in `block in call'
web-console (4.2.0) lib/web_console/middleware.rb:17:in `catch'
web-console (4.2.0) lib/web_console/middleware.rb:17:in `call'
actionpack (6.1.4.1) lib/action_dispatch/middleware/show_exceptions.rb:33:in `call'
railties (6.1.4.1) lib/rails/rack/logger.rb:37:in `call_app'
railties (6.1.4.1) lib/rails/rack/logger.rb:26:in `block in call'
activesupport (6.1.4.1) lib/active_support/tagged_logging.rb:99:in `block in tagged'
activesupport (6.1.4.1) lib/active_support/tagged_logging.rb:37:in `tagged'
activesupport (6.1.4.1) lib/active_support/tagged_logging.rb:99:in `tagged'
railties (6.1.4.1) lib/rails/rack/logger.rb:26:in `call'
sprockets-rails (3.4.0) lib/sprockets/rails/quiet_assets.rb:13:in `call'
actionpack (6.1.4.1) lib/action_dispatch/middleware/remote_ip.rb:81:in `call'
actionpack (6.1.4.1) lib/action_dispatch/middleware/request_id.rb:26:in `call'
rack (2.2.3) lib/rack/method_override.rb:24:in `call'
rack (2.2.3) lib/rack/runtime.rb:22:in `call'
activesupport (6.1.4.1) lib/active_support/cache/strategy/local_cache_middleware.rb:29:in `call'
actionpack (6.1.4.1) lib/action_dispatch/middleware/executor.rb:14:in `call'
actionpack (6.1.4.1) lib/action_dispatch/middleware/static.rb:24:in `call'
rack (2.2.3) lib/rack/sendfile.rb:110:in `call'
actionpack (6.1.4.1) lib/action_dispatch/middleware/host_authorization.rb:98:in `call'
rack-mini-profiler (2.3.3) lib/mini_profiler/profiler.rb:393:in `call'
webpacker (5.4.3) lib/webpacker/dev_server_proxy.rb:25:in `perform_request'
rack-proxy (0.7.0) lib/rack/proxy.rb:63:in `call'
railties (6.1.4.1) lib/rails/engine.rb:539:in `call'
puma (5.5.2) lib/puma/configuration.rb:249:in `call'
puma (5.5.2) lib/puma/request.rb:77:in `block in handle_request'
puma (5.5.2) lib/puma/thread_pool.rb:340:in `with_force_shutdown'
puma (5.5.2) lib/puma/request.rb:76:in `handle_request'
puma (5.5.2) lib/puma/server.rb:447:in `process_client'
puma (5.5.2) lib/puma/thread_pool.rb:147:in `block in spawn_thread'
  [1m[35m (0.1ms)[0m  [1m[34mSELECT `schema_migrations`.`version` FROM `schema_migrations` ORDER BY `schema_migrations`.`version` ASC[0m
  [1m[35m (1.1ms)[0m  [1m[34mSELECT `ar_internal_metadata`.`value` FROM `ar_internal_metadata` WHERE `ar_internal_metadata`.`key` = 'environment'[0m
  [1m[35m (0.2ms)[0m  [1m[34mSELECT `schema_migrations`.`version` FROM `schema_migrations` ORDER BY `schema_migrations`.`version` ASC[0m
  [1m[35m (0.1ms)[0m  [1m[34mSELECT `ar_internal_metadata`.`value` FROM `ar_internal_metadata` WHERE `ar_internal_metadata`.`key` = 'environment'[0m
  [1m[35m (0.2ms)[0m  [1m[34mSELECT `schema_migrations`.`version` FROM `schema_migrations` ORDER BY `schema_migrations`.`version` ASC[0m
  [1m[35m (0.1ms)[0m  [1m[34mSELECT `ar_internal_metadata`.`value` FROM `ar_internal_metadata` WHERE `ar_internal_metadata`.`key` = 'environment'[0m
  [1m[35m (74.3ms)[0m  [1m[35mDROP DATABASE IF EXISTS `mvp_database`[0m
  [1m[35m (69.1ms)[0m  [1m[35mDROP DATABASE IF EXISTS `mvp_database_test`[0m
  [1m[35m (0.6ms)[0m  [1m[35mCREATE DATABASE `mvp_database` DEFAULT CHARACTER SET `utf8`[0m
  [1m[35m (0.2ms)[0m  [1m[35mCREATE DATABASE `mvp_database_test` DEFAULT CHARACTER SET `utf8`[0m
  [1m[35m (19.2ms)[0m  [1m[35mCREATE TABLE `schema_migrations` (`version` varchar(255) NOT NULL PRIMARY KEY)[0m
  [1m[35m (16.4ms)[0m  [1m[35mCREATE TABLE `ar_internal_metadata` (`key` varchar(255) NOT NULL PRIMARY KEY, `value` varchar(255), `created_at` datetime(6) NOT NULL, `updated_at` datetime(6) NOT NULL)[0m
  [1m[35m (1.6ms)[0m  [1m[34mSELECT GET_LOCK('1530513739699767165', 0)[0m
  [1m[35m (0.4ms)[0m  [1m[34mSELECT `schema_migrations`.`version` FROM `schema_migrations` ORDER BY `schema_migrations`.`version` ASC[0m
Migrating to CreateArticles (20211119073320)
  [1m[35m (11.4ms)[0m  [1m[35mCREATE TABLE `articles` (`id` bigint NOT NULL AUTO_INCREMENT PRIMARY KEY, `title` varchar(255), `description` text)[0m
  [1m[36mTRANSACTION (0.2ms)[0m  [1m[35mBEGIN[0m
  [1m[36mActiveRecord::SchemaMigration Create (0.7ms)[0m  [1m[32mINSERT INTO `schema_migrations` (`version`) VALUES ('20211119073320')[0m
  [1m[36mTRANSACTION (1.9ms)[0m  [1m[35mCOMMIT[0m
Migrating to AddTimestampsToArticles (20211119074154)
  [1m[35m (20.1ms)[0m  [1m[35mALTER TABLE `articles` ADD `created_at` datetime[0m
  [1m[35m (25.8ms)[0m  [1m[35mALTER TABLE `articles` ADD `updated_at` datetime[0m
  [1m[36mTRANSACTION (0.4ms)[0m  [1m[35mBEGIN[0m
  [1m[36mActiveRecord::SchemaMigration Create (0.7ms)[0m  [1m[32mINSERT INTO `schema_migrations` (`version`) VALUES ('20211119074154')[0m
  [1m[36mTRANSACTION (2.3ms)[0m  [1m[35mCOMMIT[0m
Migrating to CreateUsers (20211126085601)
  [1m[35m (16.1ms)[0m  [1m[35mCREATE TABLE `users` (`id` bigint NOT NULL AUTO_INCREMENT PRIMARY KEY, `username` varchar(255), `email` varchar(255), `created_at` datetime(6) NOT NULL, `updated_at` datetime(6) NOT NULL)[0m
  [1m[36mTRANSACTION (0.3ms)[0m  [1m[35mBEGIN[0m
  [1m[36mActiveRecord::SchemaMigration Create (0.5ms)[0m  [1m[32mINSERT INTO `schema_migrations` (`version`) VALUES ('20211126085601')[0m
  [1m[36mTRANSACTION (2.0ms)[0m  [1m[35mCOMMIT[0m
Migrating to AddUserIdToArticles (20211126104236)
  [1m[35m (23.2ms)[0m  [1m[35mALTER TABLE `articles` ADD `user_id` int[0m
  [1m[36mTRANSACTION (0.4ms)[0m  [1m[35mBEGIN[0m
  [1m[36mActiveRecord::SchemaMigration Create (0.8ms)[0m  [1m[32mINSERT INTO `schema_migrations` (`version`) VALUES ('20211126104236')[0m
  [1m[36mTRANSACTION (2.1ms)[0m  [1m[35mCOMMIT[0m
Migrating to AddPasswordDigestToUsers (20211129052204)
  [1m[35m (25.3ms)[0m  [1m[35mALTER TABLE `users` ADD `password_digest` varchar(255)[0m
  [1m[36mTRANSACTION (0.7ms)[0m  [1m[35mBEGIN[0m
  [1m[36mActiveRecord::SchemaMigration Create (0.7ms)[0m  [1m[32mINSERT INTO `schema_migrations` (`version`) VALUES ('20211129052204')[0m
  [1m[36mTRANSACTION (2.3ms)[0m  [1m[35mCOMMIT[0m
Migrating to AddAdminToUsers (20211130091106)
  [1m[35m (25.4ms)[0m  [1m[35mALTER TABLE `users` ADD `admin` tinyint(1) DEFAULT FALSE[0m
  [1m[36mTRANSACTION (0.2ms)[0m  [1m[35mBEGIN[0m
  [1m[36mActiveRecord::SchemaMigration Create (0.3ms)[0m  [1m[32mINSERT INTO `schema_migrations` (`version`) VALUES ('20211130091106')[0m
  [1m[36mTRANSACTION (1.8ms)[0m  [1m[35mCOMMIT[0m
Migrating to CreateCategories (20211201093228)
  [1m[35m (13.1ms)[0m  [1m[35mCREATE TABLE `categories` (`id` bigint NOT NULL AUTO_INCREMENT PRIMARY KEY, `name` varchar(255), `created_at` datetime(6) NOT NULL, `updated_at` datetime(6) NOT NULL)[0m
  [1m[36mTRANSACTION (0.1ms)[0m  [1m[35mBEGIN[0m
  [1m[36mActiveRecord::SchemaMigration Create (0.4ms)[0m  [1m[32mINSERT INTO `schema_migrations` (`version`) VALUES ('20211201093228')[0m
  [1m[36mTRANSACTION (1.5ms)[0m  [1m[35mCOMMIT[0m
Migrating to CreateArticleCategories (20211202070706)
  [1m[35m (14.1ms)[0m  [1m[35mCREATE TABLE `article_categories` (`id` bigint NOT NULL AUTO_INCREMENT PRIMARY KEY, `article_id` int, `category_id` int)[0m
  [1m[36mTRANSACTION (0.2ms)[0m  [1m[35mBEGIN[0m
  [1m[36mActiveRecord::SchemaMigration Create (1.8ms)[0m  [1m[32mINSERT INTO `schema_migrations` (`version`) VALUES ('20211202070706')[0m
  [1m[36mTRANSACTION (1.9ms)[0m  [1m[35mCOMMIT[0m
Migrating to CreateComments (20211206060851)
  [1m[35m (13.2ms)[0m  [1m[35mCREATE TABLE `comments` (`id` bigint NOT NULL AUTO_INCREMENT PRIMARY KEY, `comment` varchar(255), `user_id` int, `created_at` datetime(6) NOT NULL, `updated_at` datetime(6) NOT NULL)[0m
  [1m[36mTRANSACTION (0.2ms)[0m  [1m[35mBEGIN[0m
  [1m[36mActiveRecord::SchemaMigration Create (0.3ms)[0m  [1m[32mINSERT INTO `schema_migrations` (`version`) VALUES ('20211206060851')[0m
  [1m[36mTRANSACTION (1.7ms)[0m  [1m[35mCOMMIT[0m
Migrating to AddArticleIdToComment (20211206075328)
  [1m[35m (23.1ms)[0m  [1m[35mALTER TABLE `comments` ADD `article_id` int[0m
  [1m[36mTRANSACTION (0.2ms)[0m  [1m[35mBEGIN[0m
  [1m[36mActiveRecord::SchemaMigration Create (0.3ms)[0m  [1m[32mINSERT INTO `schema_migrations` (`version`) VALUES ('20211206075328')[0m
  [1m[36mTRANSACTION (1.8ms)[0m  [1m[35mCOMMIT[0m
  [1m[36mActiveRecord::InternalMetadata Load (0.5ms)[0m  [1m[34mSELECT `ar_internal_metadata`.* FROM `ar_internal_metadata` WHERE `ar_internal_metadata`.`key` = 'environment' LIMIT 1[0m
  [1m[36mTRANSACTION (0.2ms)[0m  [1m[35mBEGIN[0m
  [1m[36mActiveRecord::InternalMetadata Create (0.3ms)[0m  [1m[32mINSERT INTO `ar_internal_metadata` (`key`, `value`, `created_at`, `updated_at`) VALUES ('environment', 'development', '2021-12-10 13:40:47.069415', '2021-12-10 13:40:47.069415')[0m
  [1m[36mTRANSACTION (1.6ms)[0m  [1m[35mCOMMIT[0m
  [1m[35m (1.4ms)[0m  [1m[34mSELECT RELEASE_LOCK('1530513739699767165')[0m
  [1m[35m (0.5ms)[0m  [1m[34mSELECT `schema_migrations`.`version` FROM `schema_migrations` ORDER BY `schema_migrations`.`version` ASC[0m
Started GET "/" for ::1 at 2021-12-10 19:11:00 +0530
  [1m[35m (0.6ms)[0m  [1m[34mSELECT `schema_migrations`.`version` FROM `schema_migrations` ORDER BY `schema_migrations`.`version` ASC[0m
Processing by PagesController#home as HTML
  Rendering layout layouts/application.html.erb
  Rendering pages/home.html.erb within layouts/application
  Rendered pages/home.html.erb within layouts/application (Duration: 2.1ms | Allocations: 446)
  Rendered layout layouts/application.html.erb (Duration: 7.1ms | Allocations: 4640)
Completed 500 Internal Server Error in 22ms (ActiveRecord: 0.0ms | Allocations: 10714)


  
ActionView::Template::Error (couldn't find file 'bootstrap' with type 'text/css'
Checked in these paths: 
  /home/daffolap-1089/PostAuthor/Ruby-Alpha-Blog/app/assets/config
  /home/daffolap-1089/PostAuthor/Ruby-Alpha-Blog/app/assets/images
  /home/daffolap-1089/PostAuthor/Ruby-Alpha-Blog/app/assets/stylesheets
  /home/daffolap-1089/.rvm/gems/ruby-3.0.0/gems/actioncable-6.1.4.1/app/assets/javascripts
  /home/daffolap-1089/.rvm/gems/ruby-3.0.0/gems/activestorage-6.1.4.1/app/assets/javascripts
  /home/daffolap-1089/.rvm/gems/ruby-3.0.0/gems/actionview-6.1.4.1/lib/assets/compiled
  /home/daffolap-1089/.rvm/gems/ruby-3.0.0/gems/turbolinks-source-5.2.0/lib/assets/javascripts
  /home/daffolap-1089/PostAuthor/Ruby-Alpha-Blog/node_modules):
     5:     <meta name="viewport" content="width=device-width,initial-scale=1">
     6:     <%= csrf_meta_tags %>
     7:     <%= csp_meta_tag %>
     8:     <%= stylesheet_link_tag 'application', media: 'all', 'data-turbolinks-track': 'reload' %>
     9:     <%= javascript_pack_tag 'application', 'data-turbolinks-track': 'reload' %>
    10:     <link rel="stylesheet" href="https://cdnjs.cloudflare.com/ajax/libs/font-awesome/6.0.0-beta3/css/all.min.css" integrity="sha512-Fo3rlrZj/k7ujTnHg4CGR2D7kSs0v4LLanw2qksYuRlEzO+tcaEPQogQ0KaoGN26/zrn20ImR1DfuLWnOo7aBA==" crossorigin="anonymous" referrerpolicy="no-referrer" />
    11:   </head>
  
app/assets/stylesheets/application.css:13
app/views/layouts/application.html.erb:8
Started GET "/" for ::1 at 2021-12-10 19:11:32 +0530
  [1m[35m (0.5ms)[0m  [1m[34mSELECT `schema_migrations`.`version` FROM `schema_migrations` ORDER BY `schema_migrations`.`version` ASC[0m
Processing by PagesController#home as HTML
  Rendering layout layouts/application.html.erb
  Rendering pages/home.html.erb within layouts/application
  Rendered pages/home.html.erb within layouts/application (Duration: 4.0ms | Allocations: 446)
  Rendered layout layouts/application.html.erb (Duration: 7.7ms | Allocations: 4148)
Completed 500 Internal Server Error in 17ms (ActiveRecord: 0.0ms | Allocations: 9825)


  
ActionView::Template::Error (couldn't find file 'bootstrap' with type 'text/css'
Checked in these paths: 
  /home/daffolap-1089/PostAuthor/Ruby-Alpha-Blog/app/assets/config
  /home/daffolap-1089/PostAuthor/Ruby-Alpha-Blog/app/assets/images
  /home/daffolap-1089/PostAuthor/Ruby-Alpha-Blog/app/assets/stylesheets
  /home/daffolap-1089/.rvm/gems/ruby-3.0.0/gems/actioncable-6.1.4.1/app/assets/javascripts
  /home/daffolap-1089/.rvm/gems/ruby-3.0.0/gems/activestorage-6.1.4.1/app/assets/javascripts
  /home/daffolap-1089/.rvm/gems/ruby-3.0.0/gems/actionview-6.1.4.1/lib/assets/compiled
  /home/daffolap-1089/.rvm/gems/ruby-3.0.0/gems/turbolinks-source-5.2.0/lib/assets/javascripts
  /home/daffolap-1089/PostAuthor/Ruby-Alpha-Blog/node_modules):
     5:     <meta name="viewport" content="width=device-width,initial-scale=1">
     6:     <%= csrf_meta_tags %>
     7:     <%= csp_meta_tag %>
     8:     <%= stylesheet_link_tag 'application', media: 'all', 'data-turbolinks-track': 'reload' %>
     9:     <%= javascript_pack_tag 'application', 'data-turbolinks-track': 'reload' %>
    10:     <link rel="stylesheet" href="https://cdnjs.cloudflare.com/ajax/libs/font-awesome/6.0.0-beta3/css/all.min.css" integrity="sha512-Fo3rlrZj/k7ujTnHg4CGR2D7kSs0v4LLanw2qksYuRlEzO+tcaEPQogQ0KaoGN26/zrn20ImR1DfuLWnOo7aBA==" crossorigin="anonymous" referrerpolicy="no-referrer" />
    11:   </head>
  
app/assets/stylesheets/application.css:13
app/views/layouts/application.html.erb:8
Started GET "/" for ::1 at 2021-12-10 19:12:18 +0530
  [1m[35m (1.1ms)[0m  [1m[34mSELECT `schema_migrations`.`version` FROM `schema_migrations` ORDER BY `schema_migrations`.`version` ASC[0m
Processing by PagesController#home as HTML
  Rendering layout layouts/application.html.erb
  Rendering pages/home.html.erb within layouts/application
  Rendered pages/home.html.erb within layouts/application (Duration: 2.1ms | Allocations: 446)
[Webpacker] Everything's up-to-date. Nothing to do
  Rendered layouts/_navigation.html.erb (Duration: 0.8ms | Allocations: 749)
  Rendered layouts/_messages.html.erb (Duration: 0.4ms | Allocations: 224)
  Rendered layouts/_footer.html.erb (Duration: 0.5ms | Allocations: 152)
  Rendered layout layouts/application.html.erb (Duration: 63.6ms | Allocations: 18062)
Completed 200 OK in 75ms (Views: 65.9ms | ActiveRecord: 0.0ms | Allocations: 23793)


Started GET "/" for ::1 at 2021-12-10 19:14:15 +0530
  [1m[35m (1.3ms)[0m  [1m[34mSELECT `schema_migrations`.`version` FROM `schema_migrations` ORDER BY `schema_migrations`.`version` ASC[0m
Processing by PagesController#home as HTML
  Rendering layout layouts/application.html.erb
  Rendering pages/home.html.erb within layouts/application
  Rendered pages/home.html.erb within layouts/application (Duration: 0.9ms | Allocations: 446)
[Webpacker] Everything's up-to-date. Nothing to do
  Rendered layouts/_navigation.html.erb (Duration: 1.0ms | Allocations: 749)
  Rendered layouts/_messages.html.erb (Duration: 0.4ms | Allocations: 224)
  Rendered layouts/_footer.html.erb (Duration: 0.3ms | Allocations: 152)
  Rendered layout layouts/application.html.erb (Duration: 23.1ms | Allocations: 9968)
Completed 200 OK in 34ms (Views: 25.4ms | ActiveRecord: 0.0ms | Allocations: 13115)


Started GET "/" for ::1 at 2021-12-10 19:22:27 +0530
  [1m[35m (0.5ms)[0m  [1m[34mSELECT `schema_migrations`.`version` FROM `schema_migrations` ORDER BY `schema_migrations`.`version` ASC[0m
Processing by PagesController#home as HTML
  Rendering layout layouts/application.html.erb
  Rendering pages/home.html.erb within layouts/application
  Rendered pages/home.html.erb within layouts/application (Duration: 2.2ms | Allocations: 446)
[Webpacker] Everything's up-to-date. Nothing to do
  Rendered layouts/_navigation.html.erb (Duration: 1.1ms | Allocations: 749)
  Rendered layouts/_messages.html.erb (Duration: 0.4ms | Allocations: 224)
  Rendered layouts/_footer.html.erb (Duration: 0.3ms | Allocations: 152)
  Rendered layout layouts/application.html.erb (Duration: 29.9ms | Allocations: 9969)
Completed 200 OK in 40ms (Views: 32.7ms | ActiveRecord: 0.0ms | Allocations: 13120)


Started GET "/signup" for ::1 at 2021-12-10 19:22:35 +0530
Processing by UsersController#new as HTML
  Rendering layout layouts/application.html.erb
  Rendering users/new.html.erb within layouts/application
  Rendered shared/_errors.html.erb (Duration: 9.2ms | Allocations: 218)
  Rendered users/_form.html.erb (Duration: 87.8ms | Allocations: 5834)
  Rendered users/new.html.erb within layouts/application (Duration: 95.5ms | Allocations: 6146)
[Webpacker] Everything's up-to-date. Nothing to do
  Rendered layouts/_navigation.html.erb (Duration: 0.4ms | Allocations: 208)
  Rendered layouts/_messages.html.erb (Duration: 0.5ms | Allocations: 52)
  Rendered layouts/_footer.html.erb (Duration: 0.1ms | Allocations: 54)
  Rendered layout layouts/application.html.erb (Duration: 103.9ms | Allocations: 10274)
Completed 200 OK in 137ms (Views: 105.5ms | ActiveRecord: 3.0ms | Allocations: 18315)


Started GET "/" for ::1 at 2021-12-10 19:22:37 +0530
Processing by PagesController#home as HTML
  Rendering layout layouts/application.html.erb
  Rendering pages/home.html.erb within layouts/application
  Rendered pages/home.html.erb within layouts/application (Duration: 0.5ms | Allocations: 75)
[Webpacker] Everything's up-to-date. Nothing to do
  Rendered layouts/_navigation.html.erb (Duration: 0.5ms | Allocations: 191)
  Rendered layouts/_messages.html.erb (Duration: 0.2ms | Allocations: 51)
  Rendered layouts/_footer.html.erb (Duration: 0.5ms | Allocations: 53)
  Rendered layout layouts/application.html.erb (Duration: 14.5ms | Allocations: 4131)
Completed 200 OK in 19ms (Views: 16.7ms | ActiveRecord: 0.0ms | Allocations: 4580)


Started GET "/" for ::1 at 2021-12-10 19:23:37 +0530
Processing by PagesController#home as HTML
  Rendering layout layouts/application.html.erb
  Rendering pages/home.html.erb within layouts/application
  Rendered pages/home.html.erb within layouts/application (Duration: 1.2ms | Allocations: 199)
[Webpacker] Everything's up-to-date. Nothing to do
  Rendered layouts/_navigation.html.erb (Duration: 1.4ms | Allocations: 657)
  Rendered layouts/_messages.html.erb (Duration: 0.5ms | Allocations: 202)
  Rendered layouts/_footer.html.erb (Duration: 0.5ms | Allocations: 146)
  Rendered layout layouts/application.html.erb (Duration: 12.8ms | Allocations: 5640)
Completed 200 OK in 19ms (Views: 16.5ms | ActiveRecord: 0.0ms | Allocations: 6857)


Started GET "/" for ::1 at 2021-12-10 19:26:22 +0530
  [1m[35m (0.6ms)[0m  [1m[34mSELECT `schema_migrations`.`version` FROM `schema_migrations` ORDER BY `schema_migrations`.`version` ASC[0m
Processing by PagesController#home as HTML
  Rendering layout layouts/application.html.erb
  Rendering pages/home.html.erb within layouts/application
  Rendered pages/home.html.erb within layouts/application (Duration: 0.9ms | Allocations: 199)
[Webpacker] Everything's up-to-date. Nothing to do
  Rendered layouts/_navigation.html.erb (Duration: 0.8ms | Allocations: 550)
  Rendered layouts/_messages.html.erb (Duration: 0.3ms | Allocations: 202)
  Rendered layouts/_footer.html.erb (Duration: 0.4ms | Allocations: 147)
  Rendered layout layouts/application.html.erb (Duration: 9.0ms | Allocations: 5554)
Completed 200 OK in 12ms (Views: 10.5ms | ActiveRecord: 0.0ms | Allocations: 6793)


  [1m[35m (0.2ms)[0m  [1m[34mSELECT `schema_migrations`.`version` FROM `schema_migrations` ORDER BY `schema_migrations`.`version` ASC[0m
  [1m[35m (0.2ms)[0m  [1m[34mSELECT `ar_internal_metadata`.`value` FROM `ar_internal_metadata` WHERE `ar_internal_metadata`.`key` = 'environment'[0m
  [1m[35m (0.2ms)[0m  [1m[34mSELECT `schema_migrations`.`version` FROM `schema_migrations` ORDER BY `schema_migrations`.`version` ASC[0m
  [1m[35m (0.2ms)[0m  [1m[34mSELECT `ar_internal_metadata`.`value` FROM `ar_internal_metadata` WHERE `ar_internal_metadata`.`key` = 'environment'[0m
  [1m[35m (0.2ms)[0m  [1m[34mSELECT `schema_migrations`.`version` FROM `schema_migrations` ORDER BY `schema_migrations`.`version` ASC[0m
  [1m[35m (0.2ms)[0m  [1m[34mSELECT `ar_internal_metadata`.`value` FROM `ar_internal_metadata` WHERE `ar_internal_metadata`.`key` = 'environment'[0m
  [1m[35m (48.9ms)[0m  [1m[35mDROP DATABASE IF EXISTS `mvp_database`[0m
  [1m[35m (1.3ms)[0m  [1m[35mDROP DATABASE IF EXISTS `mvp_database_test`[0m
  [1m[35m (0.4ms)[0m  [1m[35mCREATE DATABASE `mvp_database` DEFAULT CHARACTER SET `utf8`[0m
  [1m[35m (0.2ms)[0m  [1m[35mCREATE DATABASE `mvp_database_test` DEFAULT CHARACTER SET `utf8`[0m
  [1m[35m (13.9ms)[0m  [1m[35mCREATE TABLE `schema_migrations` (`version` varchar(255) NOT NULL PRIMARY KEY)[0m
  [1m[35m (17.4ms)[0m  [1m[35mCREATE TABLE `ar_internal_metadata` (`key` varchar(255) NOT NULL PRIMARY KEY, `value` varchar(255), `created_at` datetime(6) NOT NULL, `updated_at` datetime(6) NOT NULL)[0m
  [1m[35m (1.2ms)[0m  [1m[34mSELECT GET_LOCK('1530513739699767165', 0)[0m
  [1m[35m (0.5ms)[0m  [1m[34mSELECT `schema_migrations`.`version` FROM `schema_migrations` ORDER BY `schema_migrations`.`version` ASC[0m
Migrating to CreatePosts (20211119073320)
  [1m[35m (15.7ms)[0m  [1m[35mCREATE TABLE `posts` (`id` bigint NOT NULL AUTO_INCREMENT PRIMARY KEY, `title` varchar(255), `description` text, `user_id` int)[0m
  [1m[36mTRANSACTION (0.3ms)[0m  [1m[35mBEGIN[0m
  [1m[36mActiveRecord::SchemaMigration Create (0.7ms)[0m  [1m[32mINSERT INTO `schema_migrations` (`version`) VALUES ('20211119073320')[0m
  [1m[36mTRANSACTION (2.3ms)[0m  [1m[35mCOMMIT[0m
Migrating to CreateUsers (20211126085601)
  [1m[35m (16.0ms)[0m  [1m[35mCREATE TABLE `users` (`id` bigint NOT NULL AUTO_INCREMENT PRIMARY KEY, `username` varchar(255), `email` varchar(255), `password_digest` varchar(255), `created_at` datetime(6) NOT NULL, `updated_at` datetime(6) NOT NULL)[0m
  [1m[36mTRANSACTION (0.5ms)[0m  [1m[35mBEGIN[0m
  [1m[36mActiveRecord::SchemaMigration Create (0.7ms)[0m  [1m[32mINSERT INTO `schema_migrations` (`version`) VALUES ('20211126085601')[0m
  [1m[36mTRANSACTION (1.5ms)[0m  [1m[35mCOMMIT[0m
Migrating to CreateComments (20211206060851)
  [1m[35m (15.3ms)[0m  [1m[35mCREATE TABLE `comments` (`id` bigint NOT NULL AUTO_INCREMENT PRIMARY KEY, `comment` varchar(255), `user_id` int, `post_id` int, `created_at` datetime(6) NOT NULL, `updated_at` datetime(6) NOT NULL)[0m
  [1m[36mTRANSACTION (0.5ms)[0m  [1m[35mBEGIN[0m
  [1m[36mActiveRecord::SchemaMigration Create (0.6ms)[0m  [1m[32mINSERT INTO `schema_migrations` (`version`) VALUES ('20211206060851')[0m
  [1m[36mTRANSACTION (2.3ms)[0m  [1m[35mCOMMIT[0m
  [1m[36mActiveRecord::InternalMetadata Load (0.8ms)[0m  [1m[34mSELECT `ar_internal_metadata`.* FROM `ar_internal_metadata` WHERE `ar_internal_metadata`.`key` = 'environment' LIMIT 1[0m
  [1m[36mTRANSACTION (0.3ms)[0m  [1m[35mBEGIN[0m
  [1m[36mActiveRecord::InternalMetadata Create (0.4ms)[0m  [1m[32mINSERT INTO `ar_internal_metadata` (`key`, `value`, `created_at`, `updated_at`) VALUES ('environment', 'development', '2021-12-10 14:06:26.734558', '2021-12-10 14:06:26.734558')[0m
  [1m[36mTRANSACTION (1.7ms)[0m  [1m[35mCOMMIT[0m
  [1m[35m (0.6ms)[0m  [1m[34mSELECT RELEASE_LOCK('1530513739699767165')[0m
  [1m[35m (0.4ms)[0m  [1m[34mSELECT `schema_migrations`.`version` FROM `schema_migrations` ORDER BY `schema_migrations`.`version` ASC[0m
Started GET "/" for ::1 at 2021-12-10 19:38:01 +0530
  [1m[35m (1.0ms)[0m  [1m[34mSELECT `schema_migrations`.`version` FROM `schema_migrations` ORDER BY `schema_migrations`.`version` ASC[0m
Processing by PagesController#home as HTML
  Rendering layout layouts/application.html.erb
  Rendering pages/home.html.erb within layouts/application
  Rendered pages/home.html.erb within layouts/application (Duration: 1.4ms | Allocations: 446)
[Webpacker] Everything's up-to-date. Nothing to do
  Rendered layouts/_navigation.html.erb (Duration: 0.9ms | Allocations: 588)
  Rendered layouts/_messages.html.erb (Duration: 0.4ms | Allocations: 224)
  Rendered layouts/_footer.html.erb (Duration: 0.5ms | Allocations: 152)
  Rendered layout layouts/application.html.erb (Duration: 24.3ms | Allocations: 9807)
Completed 200 OK in 32ms (Views: 26.3ms | ActiveRecord: 0.0ms | Allocations: 12954)


Started GET "/posts" for ::1 at 2021-12-10 19:38:04 +0530
Processing by PostsController#index as HTML
  Rendering layout layouts/application.html.erb
  Rendering posts/index.html.erb within layouts/application
  [1m[35m (1.3ms)[0m  [1m[34mSELECT COUNT(*) FROM `posts`[0m
  ↳ app/views/posts/index.html.erb:5
  Rendered posts/index.html.erb within layouts/application (Duration: 9.4ms | Allocations: 3607)
  Rendered layout layouts/application.html.erb (Duration: 9.7ms | Allocations: 3678)
Completed 500 Internal Server Error in 42ms (ActiveRecord: 3.6ms | Allocations: 8116)


  
ActionView::Template::Error (Missing partial posts/_article, application/_article with {:locale=>[:en], :formats=>[:html], :variants=>[], :handlers=>[:raw, :erb, :html, :builder, :ruby, :jbuilder]}. Searched in:
  * "/home/daffolap-1089/PostAuthor/Blog/app/views"
  * "/home/daffolap-1089/.rvm/gems/ruby-3.0.0/gems/actiontext-6.1.4.1/app/views"
  * "/home/daffolap-1089/.rvm/gems/ruby-3.0.0/gems/actionmailbox-6.1.4.1/app/views"
):
     5:     <%= will_paginate @articles, :container => false %>
     6: </div>
     7: 
     8: <%= render 'article' %>
     9: 
    10: <div class="flickr_pagination mb-4">
    11:     <%= will_paginate @articles, :container => false %>
  
app/views/posts/index.html.erb:8
Started GET "/posts" for ::1 at 2021-12-10 19:38:21 +0530
Processing by PostsController#index as HTML
  Rendering layout layouts/application.html.erb
  Rendering posts/index.html.erb within layouts/application
  [1m[35m (1.3ms)[0m  [1m[34mSELECT COUNT(*) FROM `posts`[0m
  ↳ app/views/posts/index.html.erb:5
  [1m[36mPost Load (1.6ms)[0m  [1m[34mSELECT `posts`.* FROM `posts` LIMIT 5 OFFSET 0[0m
  ↳ app/views/posts/_post.html.erb:2
  Rendered posts/_post.html.erb (Duration: 5.6ms | Allocations: 1230)
  Rendered posts/index.html.erb within layouts/application (Duration: 9.7ms | Allocations: 2407)
[Webpacker] Everything's up-to-date. Nothing to do
  Rendered layouts/_navigation.html.erb (Duration: 1.2ms | Allocations: 576)
  Rendered layouts/_messages.html.erb (Duration: 0.5ms | Allocations: 202)
  Rendered layouts/_footer.html.erb (Duration: 0.5ms | Allocations: 146)
  Rendered layout layouts/application.html.erb (Duration: 22.0ms | Allocations: 7812)
Completed 200 OK in 27ms (Views: 21.4ms | ActiveRecord: 2.9ms | Allocations: 9116)


Started GET "/posts" for ::1 at 2021-12-10 19:38:33 +0530
Processing by PostsController#index as HTML
  Rendering layout layouts/application.html.erb
  Rendering posts/index.html.erb within layouts/application
  [1m[35m (1.2ms)[0m  [1m[34mSELECT COUNT(*) FROM `posts`[0m
  ↳ app/views/posts/index.html.erb:5
  [1m[36mPost Load (1.5ms)[0m  [1m[34mSELECT `posts`.* FROM `posts` LIMIT 5 OFFSET 0[0m
  ↳ app/views/posts/_post.html.erb:2
  Rendered posts/_post.html.erb (Duration: 6.6ms | Allocations: 1139)
  Rendered posts/index.html.erb within layouts/application (Duration: 10.7ms | Allocations: 2316)
[Webpacker] Everything's up-to-date. Nothing to do
  Rendered layouts/_navigation.html.erb (Duration: 2.3ms | Allocations: 575)
  Rendered layouts/_messages.html.erb (Duration: 0.7ms | Allocations: 202)
  Rendered layouts/_footer.html.erb (Duration: 0.8ms | Allocations: 146)
  Rendered layout layouts/application.html.erb (Duration: 25.9ms | Allocations: 7718)
Completed 200 OK in 31ms (Views: 25.7ms | ActiveRecord: 2.7ms | Allocations: 9011)


Started GET "/posts" for ::1 at 2021-12-10 19:38:52 +0530
Processing by PostsController#index as HTML
  Rendering layout layouts/application.html.erb
  Rendering posts/index.html.erb within layouts/application
  [1m[35m (1.8ms)[0m  [1m[34mSELECT COUNT(*) FROM `posts`[0m
  ↳ app/views/posts/index.html.erb:5
  [1m[36mPost Load (2.1ms)[0m  [1m[34mSELECT `posts`.* FROM `posts` LIMIT 5 OFFSET 0[0m
  ↳ app/views/posts/_post.html.erb:2
  Rendered posts/_post.html.erb (Duration: 6.4ms | Allocations: 1139)
  Rendered posts/index.html.erb within layouts/application (Duration: 11.2ms | Allocations: 2315)
[Webpacker] Everything's up-to-date. Nothing to do
  Rendered layouts/_navigation.html.erb (Duration: 1.4ms | Allocations: 575)
  Rendered layouts/_messages.html.erb (Duration: 0.7ms | Allocations: 202)
  Rendered layouts/_footer.html.erb (Duration: 0.9ms | Allocations: 147)
  Rendered layout layouts/application.html.erb (Duration: 24.8ms | Allocations: 7674)
Completed 200 OK in 31ms (Views: 24.6ms | ActiveRecord: 4.0ms | Allocations: 8974)


Started GET "/posts" for ::1 at 2021-12-10 19:39:07 +0530
Processing by PostsController#index as HTML
  Rendering layout layouts/application.html.erb
  Rendering posts/index.html.erb within layouts/application
  [1m[35m (1.5ms)[0m  [1m[34mSELECT COUNT(*) FROM `posts`[0m
  ↳ app/views/posts/index.html.erb:5
  [1m[36mPost Load (1.3ms)[0m  [1m[34mSELECT `posts`.* FROM `posts` LIMIT 5 OFFSET 0[0m
  ↳ app/views/posts/_post.html.erb:2
  Rendered posts/_post.html.erb (Duration: 2.5ms | Allocations: 791)
  Rendered posts/index.html.erb within layouts/application (Duration: 6.2ms | Allocations: 1702)
[Webpacker] Everything's up-to-date. Nothing to do
  Rendered layouts/_navigation.html.erb (Duration: 0.7ms | Allocations: 155)
  Rendered layouts/_messages.html.erb (Duration: 0.2ms | Allocations: 51)
  Rendered layouts/_footer.html.erb (Duration: 0.1ms | Allocations: 53)
  Rendered layout layouts/application.html.erb (Duration: 15.9ms | Allocations: 5724)
Completed 200 OK in 18ms (Views: 13.8ms | ActiveRecord: 2.7ms | Allocations: 6253)


Started GET "/login" for ::1 at 2021-12-10 19:39:08 +0530
Processing by SessionsController#new as HTML
  Rendering layout layouts/application.html.erb
  Rendering sessions/new.html.erb within layouts/application
  Rendered sessions/new.html.erb within layouts/application (Duration: 8.6ms | Allocations: 2445)
[Webpacker] Everything's up-to-date. Nothing to do
  Rendered layouts/_navigation.html.erb (Duration: 0.5ms | Allocations: 153)
  Rendered layouts/_messages.html.erb (Duration: 0.1ms | Allocations: 52)
  Rendered layouts/_footer.html.erb (Duration: 0.1ms | Allocations: 54)
  Rendered layout layouts/application.html.erb (Duration: 21.6ms | Allocations: 6561)
Completed 200 OK in 28ms (Views: 26.4ms | ActiveRecord: 0.0ms | Allocations: 8080)


Started GET "/" for ::1 at 2021-12-10 19:39:10 +0530
Processing by PagesController#home as HTML
  Rendering layout layouts/application.html.erb
  Rendering pages/home.html.erb within layouts/application
  Rendered pages/home.html.erb within layouts/application (Duration: 2.4ms | Allocations: 193)
[Webpacker] Everything's up-to-date. Nothing to do
  Rendered layouts/_navigation.html.erb (Duration: 1.4ms | Allocations: 154)
  Rendered layouts/_messages.html.erb (Duration: 0.2ms | Allocations: 52)
  Rendered layouts/_footer.html.erb (Duration: 0.3ms | Allocations: 54)
  Rendered layout layouts/application.html.erb (Duration: 22.8ms | Allocations: 4927)
Completed 200 OK in 31ms (Views: 28.4ms | ActiveRecord: 0.0ms | Allocations: 5915)


Started GET "/" for ::1 at 2021-12-10 19:41:01 +0530
Processing by PagesController#home as HTML
  Rendering layout layouts/application.html.erb
  Rendering pages/home.html.erb within layouts/application
  Rendered pages/home.html.erb within layouts/application (Duration: 0.7ms | Allocations: 198)
[Webpacker] Compiling...
[Webpacker] Compiled all packs in /home/daffolap-1089/PostAuthor/Blog/public/packs
[Webpacker] Hash: 168004c1905007c236f6
Version: webpack 4.46.0
Time: 4315ms
Built at: 10/12/2021 7:41:07 pm
                                     Asset       Size       Chunks                         Chunk Names
    js/application-033d2c5cd438e782a3b4.js    762 KiB  application  [emitted] [immutable]  application
js/application-033d2c5cd438e782a3b4.js.map    803 KiB  application  [emitted] [dev]        application
                             manifest.json  364 bytes               [emitted]              
Entrypoint application = js/application-033d2c5cd438e782a3b4.js js/application-033d2c5cd438e782a3b4.js.map
[./app/javascript/channels sync recursive _channel\.js$] ./app/javascript/channels sync _channel\.js$ 160 bytes {application} [built]
[./app/javascript/channels/index.js] 211 bytes {application} [built]
[./app/javascript/packs/application.js] 512 bytes {application} [built]
[./node_modules/webpack/buildin/module.js] (webpack)/buildin/module.js 552 bytes {application} [built]
    + 63 hidden modules

  Rendered layouts/_navigation.html.erb (Duration: 1.3ms | Allocations: 550)
  Rendered layouts/_messages.html.erb (Duration: 0.6ms | Allocations: 202)
  Rendered layouts/_footer.html.erb (Duration: 0.5ms | Allocations: 146)
  Rendered layout layouts/application.html.erb (Duration: 5661.0ms | Allocations: 6765)
Completed 200 OK in 5665ms (Views: 5663.5ms | ActiveRecord: 0.0ms | Allocations: 7998)


Started GET "/" for ::1 at 2021-12-10 19:41:58 +0530
Processing by PagesController#home as HTML
  Rendering layout layouts/application.html.erb
  Rendering pages/home.html.erb within layouts/application
  Rendered pages/home.html.erb within layouts/application (Duration: 1.3ms | Allocations: 195)
[Webpacker] Everything's up-to-date. Nothing to do
  Rendered layouts/_navigation.html.erb (Duration: 1.1ms | Allocations: 549)
  Rendered layouts/_messages.html.erb (Duration: 0.6ms | Allocations: 202)
  Rendered layouts/_footer.html.erb (Duration: 0.4ms | Allocations: 146)
  Rendered layout layouts/application.html.erb (Duration: 14.6ms | Allocations: 5569)
Completed 200 OK in 23ms (Views: 18.5ms | ActiveRecord: 0.0ms | Allocations: 6773)


Started GET "/" for ::1 at 2021-12-10 19:42:33 +0530
Processing by PagesController#home as HTML
  Rendering layout layouts/application.html.erb
  Rendering pages/home.html.erb within layouts/application
  Rendered pages/home.html.erb within layouts/application (Duration: 1.2ms | Allocations: 200)
[Webpacker] Everything's up-to-date. Nothing to do
  Rendered layouts/_navigation.html.erb (Duration: 1.3ms | Allocations: 549)
  Rendered layouts/_messages.html.erb (Duration: 0.6ms | Allocations: 202)
  Rendered layouts/_footer.html.erb (Duration: 0.4ms | Allocations: 146)
  Rendered layout layouts/application.html.erb (Duration: 16.3ms | Allocations: 5576)
Completed 200 OK in 20ms (Views: 18.4ms | ActiveRecord: 0.0ms | Allocations: 6794)


Started GET "/signup" for ::1 at 2021-12-10 19:42:44 +0530
Processing by UsersController#new as HTML
  Rendering layout layouts/application.html.erb
  Rendering users/new.html.erb within layouts/application
  Rendered shared/_errors.html.erb (Duration: 0.5ms | Allocations: 217)
  Rendered users/_form.html.erb (Duration: 5.4ms | Allocations: 1922)
  Rendered users/new.html.erb within layouts/application (Duration: 6.4ms | Allocations: 2233)
[Webpacker] Everything's up-to-date. Nothing to do
  Rendered layouts/_navigation.html.erb (Duration: 0.5ms | Allocations: 153)
  Rendered layouts/_messages.html.erb (Duration: 0.3ms | Allocations: 52)
  Rendered layouts/_footer.html.erb (Duration: 0.2ms | Allocations: 54)
  Rendered layout layouts/application.html.erb (Duration: 15.7ms | Allocations: 6284)
Completed 200 OK in 48ms (Views: 18.2ms | ActiveRecord: 8.1ms | Allocations: 12931)


Started POST "/users" for ::1 at 2021-12-10 19:42:57 +0530
Processing by UsersController#create as HTML
  Parameters: {"authenticity_token"=>"[FILTERED]", "user"=>{"username"=>"vishwaakash12", "email"=>"vishwaakash12@gmail.com", "password"=>"[FILTERED]"}, "commit"=>"Sign up"}
  [1m[36mTRANSACTION (1.1ms)[0m  [1m[35mBEGIN[0m
  ↳ app/controllers/users_controller.rb:31:in `create'
  [1m[36mUser Exists? (1.2ms)[0m  [1m[34mSELECT 1 AS one FROM `users` WHERE `users`.`username` = 'vishwaakash12' LIMIT 1[0m
  ↳ app/controllers/users_controller.rb:31:in `create'
  [1m[36mUser Exists? (0.8ms)[0m  [1m[34mSELECT 1 AS one FROM `users` WHERE `users`.`email` = 'vishwaakash12@gmail.com' LIMIT 1[0m
  ↳ app/controllers/users_controller.rb:31:in `create'
  [1m[36mUser Create (0.7ms)[0m  [1m[32mINSERT INTO `users` (`username`, `email`, `password_digest`, `created_at`, `updated_at`) VALUES ('vishwaakash12', 'vishwaakash12@gmail.com', '$2a$12$SZUfUtVhm0mpMbNVCtKyiuMS8JnAKjjYKsun7qhkuVVINPS2w5vPe', '2021-12-10 14:12:58.031250', '2021-12-10 14:12:58.031250')[0m
  ↳ app/controllers/users_controller.rb:31:in `create'
  [1m[36mTRANSACTION (2.2ms)[0m  [1m[35mCOMMIT[0m
  ↳ app/controllers/users_controller.rb:31:in `create'
Redirected to http://localhost:3002/posts
Completed 302 Found in 252ms (ActiveRecord: 6.0ms | Allocations: 5965)


Started GET "/posts" for ::1 at 2021-12-10 19:42:58 +0530
Processing by PostsController#index as HTML
  Rendering layout layouts/application.html.erb
  Rendering posts/index.html.erb within layouts/application
  [1m[35m (1.0ms)[0m  [1m[34mSELECT COUNT(*) FROM `posts`[0m
  ↳ app/views/posts/index.html.erb:5
  [1m[36mPost Load (0.9ms)[0m  [1m[34mSELECT `posts`.* FROM `posts` LIMIT 5 OFFSET 0[0m
  ↳ app/views/posts/_post.html.erb:2
  Rendered posts/_post.html.erb (Duration: 2.7ms | Allocations: 1144)
  Rendered posts/index.html.erb within layouts/application (Duration: 6.8ms | Allocations: 2749)
[Webpacker] Everything's up-to-date. Nothing to do
  [1m[36mUser Load (1.6ms)[0m  [1m[34mSELECT `users`.* FROM `users` WHERE `users`.`id` = 1 LIMIT 1[0m
  ↳ app/controllers/application_controller.rb:5:in `current_user'
  Rendered layouts/_navigation.html.erb (Duration: 7.9ms | Allocations: 4128)
  Rendered layout layouts/application.html.erb (Duration: 19.9ms | Allocations: 10549)
Completed 500 Internal Server Error in 25ms (ActiveRecord: 4.5ms | Allocations: 12826)


  
ActionView::Template::Error (undefined method `admin?' for #<User id: 1, username: "vishwaakash12", email: "vishwaakash12@gmail.com", password_digest: [FILTERED], created_at: "2021-12-10 14:12:58.031250000 +0000", updated_at: "2021-12-10 14:12:58.031250000 +0000">):
    20:         <% if logged_in? %>
    21:           <li class="nav-item dropdown">
    22:             <a class="nav-link dropdown-toggle" href="#" id="navbarDropdown" role="button" data-bs-toggle="dropdown" aria-expanded="false">
    23:               <%= "(Admin)" if current_user.admin? %> Profile [<%= current_user.username %>]
    24:             </a>
    25:             <ul class="dropdown-menu" aria-labelledby="navbarDropdown">
    26:               <%= link_to "View your profile", user_path(current_user), class: "dropdown-item" %>
  
app/views/layouts/_navigation.html.erb:23
app/views/layouts/application.html.erb:13
Started GET "/posts" for ::1 at 2021-12-10 19:46:00 +0530
  [1m[35m (0.6ms)[0m  [1m[34mSELECT `schema_migrations`.`version` FROM `schema_migrations` ORDER BY `schema_migrations`.`version` ASC[0m
Processing by PostsController#index as HTML
  Rendering layout layouts/application.html.erb
  Rendering posts/index.html.erb within layouts/application
  [1m[35m (0.8ms)[0m  [1m[34mSELECT COUNT(*) FROM `posts`[0m
  ↳ app/views/posts/index.html.erb:5
  [1m[36mPost Load (0.8ms)[0m  [1m[34mSELECT `posts`.* FROM `posts` LIMIT 5 OFFSET 0[0m
  ↳ app/views/posts/_post.html.erb:2
  Rendered posts/_post.html.erb (Duration: 2.8ms | Allocations: 1268)
  Rendered posts/index.html.erb within layouts/application (Duration: 7.3ms | Allocations: 3320)
[Webpacker] Everything's up-to-date. Nothing to do
  Rendered layouts/_navigation.html.erb (Duration: 0.7ms | Allocations: 633)
  Rendered layouts/_messages.html.erb (Duration: 0.3ms | Allocations: 222)
  Rendered layouts/_footer.html.erb (Duration: 0.2ms | Allocations: 151)
  Rendered layout layouts/application.html.erb (Duration: 27.8ms | Allocations: 12713)
Completed 200 OK in 42ms (Views: 27.8ms | ActiveRecord: 2.7ms | Allocations: 18260)


Started GET "/posts" for ::1 at 2021-12-10 19:46:03 +0530
Processing by PostsController#index as HTML
  Rendering layout layouts/application.html.erb
  Rendering posts/index.html.erb within layouts/application
  [1m[35m (5.0ms)[0m  [1m[34mSELECT COUNT(*) FROM `posts`[0m
  ↳ app/views/posts/index.html.erb:5
  [1m[36mPost Load (1.9ms)[0m  [1m[34mSELECT `posts`.* FROM `posts` LIMIT 5 OFFSET 0[0m
  ↳ app/views/posts/_post.html.erb:2
  Rendered posts/_post.html.erb (Duration: 4.3ms | Allocations: 792)
  Rendered posts/index.html.erb within layouts/application (Duration: 14.6ms | Allocations: 1708)
[Webpacker] Everything's up-to-date. Nothing to do
  Rendered layouts/_navigation.html.erb (Duration: 0.5ms | Allocations: 155)
  Rendered layouts/_messages.html.erb (Duration: 0.1ms | Allocations: 51)
  Rendered layouts/_footer.html.erb (Duration: 0.1ms | Allocations: 53)
  Rendered layout layouts/application.html.erb (Duration: 26.6ms | Allocations: 5731)
Completed 200 OK in 31ms (Views: 21.5ms | ActiveRecord: 6.9ms | Allocations: 6305)


Started GET "/login" for ::1 at 2021-12-10 19:46:04 +0530
Processing by SessionsController#new as HTML
  Rendering layout layouts/application.html.erb
  Rendering sessions/new.html.erb within layouts/application
  Rendered sessions/new.html.erb within layouts/application (Duration: 4.7ms | Allocations: 2397)
[Webpacker] Everything's up-to-date. Nothing to do
  Rendered layouts/_navigation.html.erb (Duration: 0.3ms | Allocations: 153)
  Rendered layouts/_messages.html.erb (Duration: 0.1ms | Allocations: 52)
  Rendered layouts/_footer.html.erb (Duration: 0.1ms | Allocations: 54)
  Rendered layout layouts/application.html.erb (Duration: 11.8ms | Allocations: 6472)
Completed 200 OK in 14ms (Views: 13.4ms | ActiveRecord: 0.0ms | Allocations: 7533)


Started POST "/login" for ::1 at 2021-12-10 19:46:15 +0530
Processing by SessionsController#create as HTML
  Parameters: {"authenticity_token"=>"[FILTERED]", "session"=>{"email"=>"vishwaakash12@gmail.com", "password"=>"[FILTERED]"}, "commit"=>"Log in"}
  [1m[36mUser Load (2.0ms)[0m  [1m[34mSELECT `users`.* FROM `users` WHERE `users`.`email` = 'vishwaakash12@gmail.com' LIMIT 1[0m
  ↳ app/controllers/sessions_controller.rb:5:in `create'
Redirected to http://localhost:3002/users/1
Completed 302 Found in 255ms (ActiveRecord: 8.4ms | Allocations: 6786)


Started GET "/users/1" for ::1 at 2021-12-10 19:46:15 +0530
Processing by UsersController#show as HTML
  Parameters: {"id"=>"1"}
  [1m[36mUser Load (0.7ms)[0m  [1m[34mSELECT `users`.* FROM `users` WHERE `users`.`id` = 1 LIMIT 1[0m
  ↳ app/controllers/users_controller.rb:54:in `set_user'
  Rendering layout layouts/application.html.erb
  Rendering users/show.html.erb within layouts/application
  [1m[36mCACHE User Load (0.0ms)[0m  [1m[34mSELECT `users`.* FROM `users` WHERE `users`.`id` = 1 LIMIT 1[0m
  ↳ app/controllers/application_controller.rb:5:in `current_user'
  [1m[35m (1.1ms)[0m  [1m[34mSELECT COUNT(*) FROM `posts` WHERE `posts`.`user_id` = 1[0m
  ↳ app/views/users/show.html.erb:12
  [1m[36mPost Load (0.9ms)[0m  [1m[34mSELECT `posts`.* FROM `posts` WHERE `posts`.`user_id` = 1 LIMIT 5 OFFSET 0[0m
  ↳ app/views/posts/_post.html.erb:2
  Rendered posts/_post.html.erb (Duration: 2.1ms | Allocations: 805)
  Rendered users/show.html.erb within layouts/application (Duration: 7.4ms | Allocations: 2489)
[Webpacker] Everything's up-to-date. Nothing to do
  Rendered layouts/_navigation.html.erb (Duration: 0.4ms | Allocations: 278)
  Rendered layouts/_messages.html.erb (Duration: 0.1ms | Allocations: 58)
  Rendered layouts/_footer.html.erb (Duration: 0.1ms | Allocations: 54)
  Rendered layout layouts/application.html.erb (Duration: 13.1ms | Allocations: 6684)
Completed 200 OK in 27ms (Views: 12.1ms | ActiveRecord: 2.8ms | Allocations: 13018)


Started GET "/" for ::1 at 2021-12-10 19:46:22 +0530
Processing by PagesController#home as HTML
  [1m[36mUser Load (1.3ms)[0m  [1m[34mSELECT `users`.* FROM `users` WHERE `users`.`id` = 1 LIMIT 1[0m
  ↳ app/controllers/application_controller.rb:5:in `current_user'
Redirected to http://localhost:3002/posts
Completed 302 Found in 24ms (ActiveRecord: 1.3ms | Allocations: 988)


Started GET "/posts" for ::1 at 2021-12-10 19:46:22 +0530
Processing by PostsController#index as HTML
  Rendering layout layouts/application.html.erb
  Rendering posts/index.html.erb within layouts/application
  [1m[35m (1.3ms)[0m  [1m[34mSELECT COUNT(*) FROM `posts`[0m
  ↳ app/views/posts/index.html.erb:5
  [1m[36mPost Load (1.6ms)[0m  [1m[34mSELECT `posts`.* FROM `posts` LIMIT 5 OFFSET 0[0m
  ↳ app/views/posts/_post.html.erb:2
  Rendered posts/_post.html.erb (Duration: 4.2ms | Allocations: 791)
  Rendered posts/index.html.erb within layouts/application (Duration: 7.6ms | Allocations: 1702)
[Webpacker] Everything's up-to-date. Nothing to do
  [1m[36mUser Load (1.2ms)[0m  [1m[34mSELECT `users`.* FROM `users` WHERE `users`.`id` = 1 LIMIT 1[0m
  ↳ app/controllers/application_controller.rb:5:in `current_user'
  Rendered layouts/_navigation.html.erb (Duration: 3.0ms | Allocations: 976)
  Rendered layouts/_messages.html.erb (Duration: 0.1ms | Allocations: 51)
  Rendered layouts/_footer.html.erb (Duration: 0.1ms | Allocations: 53)
  Rendered layout layouts/application.html.erb (Duration: 18.9ms | Allocations: 6544)
Completed 200 OK in 21ms (Views: 15.7ms | ActiveRecord: 4.0ms | Allocations: 7084)


Started GET "/posts/new" for ::1 at 2021-12-10 19:46:23 +0530
Processing by PostsController#new as HTML
  [1m[36mUser Load (2.7ms)[0m  [1m[34mSELECT `users`.* FROM `users` WHERE `users`.`id` = 1 LIMIT 1[0m
  ↳ app/controllers/application_controller.rb:5:in `current_user'
  Rendering layout layouts/application.html.erb
  Rendering posts/new.html.erb within layouts/application
  Rendered shared/_errors.html.erb (Duration: 20.4ms | Allocations: 4575)
  Rendered posts/_form.html.erb (Duration: 27.1ms | Allocations: 5697)
  Rendered posts/new.html.erb within layouts/application (Duration: 28.4ms | Allocations: 6004)
  Rendered layout layouts/application.html.erb (Duration: 29.1ms | Allocations: 6072)
Completed 500 Internal Server Error in 54ms (ActiveRecord: 6.5ms | Allocations: 8967)


  
ActionView::Template::Error (undefined method `errors' for nil:NilClass):
    1: <% if obj.errors.any? %>
    2:   <div class="alert alert-danger alert-dismissible fade show" role="alert">
    3:     <h4 class="alert-heading">The following errors prevented the <%= obj.class.name.downcase %> from being saved.</h2>
    4:     <ul>
  
app/views/shared/_errors.html.erb:1
app/views/posts/_form.html.erb:4
app/views/posts/new.html.erb:2
Started PUT "/__web_console/repl_sessions/08c24ab761ed928490ee922c72b6700e" for ::1 at 2021-12-10 19:46:28 +0530
Started PUT "/__web_console/repl_sessions/08c24ab761ed928490ee922c72b6700e" for ::1 at 2021-12-10 19:46:28 +0530
Started GET "/posts/new" for ::1 at 2021-12-10 19:48:24 +0530
  [1m[35m (0.7ms)[0m  [1m[34mSELECT `schema_migrations`.`version` FROM `schema_migrations` ORDER BY `schema_migrations`.`version` ASC[0m
Processing by PostsController#new as HTML
  [1m[36mUser Load (0.8ms)[0m  [1m[34mSELECT `users`.* FROM `users` WHERE `users`.`id` = 1 LIMIT 1[0m
  ↳ app/controllers/application_controller.rb:5:in `current_user'
  Rendering layout layouts/application.html.erb
  Rendering posts/new.html.erb within layouts/application
  Rendered shared/_errors.html.erb (Duration: 1.8ms | Allocations: 2160)
  Rendered posts/_form.html.erb (Duration: 2.7ms | Allocations: 2735)
  Rendered posts/new.html.erb within layouts/application (Duration: 3.6ms | Allocations: 3227)
  Rendered layout layouts/application.html.erb (Duration: 3.7ms | Allocations: 3305)
Completed 500 Internal Server Error in 35ms (ActiveRecord: 5.8ms | Allocations: 17426)


  
ActionView::Template::Error (undefined method `errors' for nil:NilClass):
    1: <% if obj.errors.any? %>
    2:   <div class="alert alert-danger alert-dismissible fade show" role="alert">
    3:     <h4 class="alert-heading">The following errors prevented the <%= obj.class.name.downcase %> from being saved.</h2>
    4:     <ul>
  
app/views/shared/_errors.html.erb:1
app/views/posts/_form.html.erb:4
app/views/posts/new.html.erb:2
